Determining if the pthread_create exist failed with the following output:
Change Dir: /home/aljanabim/ros/svea_starter/build/CMakeFiles/CMakeTmp

Run Build Command:"/usr/bin/make" "cmTC_e902f/fast"
/usr/bin/make -f CMakeFiles/cmTC_e902f.dir/build.make CMakeFiles/cmTC_e902f.dir/build
make[1]: Entering directory '/home/aljanabim/ros/svea_starter/build/CMakeFiles/CMakeTmp'
Building C object CMakeFiles/cmTC_e902f.dir/CheckSymbolExists.c.o
/usr/bin/cc     -o CMakeFiles/cmTC_e902f.dir/CheckSymbolExists.c.o   -c /home/aljanabim/ros/svea_starter/build/CMakeFiles/CMakeTmp/CheckSymbolExists.c
Linking C executable cmTC_e902f
/usr/bin/cmake -E cmake_link_script CMakeFiles/cmTC_e902f.dir/link.txt --verbose=1
/usr/bin/cc       CMakeFiles/cmTC_e902f.dir/CheckSymbolExists.c.o  -o cmTC_e902f -rdynamic 
CMakeFiles/cmTC_e902f.dir/CheckSymbolExists.c.o: In function `main':
CheckSymbolExists.c:(.text+0x16): undefined reference to `pthread_create'
collect2: error: ld returned 1 exit status
CMakeFiles/cmTC_e902f.dir/build.make:97: recipe for target 'cmTC_e902f' failed
make[1]: *** [cmTC_e902f] Error 1
make[1]: Leaving directory '/home/aljanabim/ros/svea_starter/build/CMakeFiles/CMakeTmp'
Makefile:126: recipe for target 'cmTC_e902f/fast' failed
make: *** [cmTC_e902f/fast] Error 2

File /home/aljanabim/ros/svea_starter/build/CMakeFiles/CMakeTmp/CheckSymbolExists.c:
/* */
#include <pthread.h>

int main(int argc, char** argv)
{
  (void)argv;
#ifndef pthread_create
  return ((int*)(&pthread_create))[argc];
#else
  (void)argc;
  return 0;
#endif
}

Determining if the function pthread_create exists in the pthreads failed with the following output:
Change Dir: /home/aljanabim/ros/svea_starter/build/CMakeFiles/CMakeTmp

Run Build Command:"/usr/bin/make" "cmTC_408c5/fast"
/usr/bin/make -f CMakeFiles/cmTC_408c5.dir/build.make CMakeFiles/cmTC_408c5.dir/build
make[1]: Entering directory '/home/aljanabim/ros/svea_starter/build/CMakeFiles/CMakeTmp'
Building C object CMakeFiles/cmTC_408c5.dir/CheckFunctionExists.c.o
/usr/bin/cc    -DCHECK_FUNCTION_EXISTS=pthread_create   -o CMakeFiles/cmTC_408c5.dir/CheckFunctionExists.c.o   -c /usr/share/cmake-3.5/Modules/CheckFunctionExists.c
Linking C executable cmTC_408c5
/usr/bin/cmake -E cmake_link_script CMakeFiles/cmTC_408c5.dir/link.txt --verbose=1
/usr/bin/cc   -DCHECK_FUNCTION_EXISTS=pthread_create    CMakeFiles/cmTC_408c5.dir/CheckFunctionExists.c.o  -o cmTC_408c5 -rdynamic -lpthreads 
/usr/bin/ld: cannot find -lpthreads
collect2: error: ld returned 1 exit status
CMakeFiles/cmTC_408c5.dir/build.make:97: recipe for target 'cmTC_408c5' failed
make[1]: *** [cmTC_408c5] Error 1
make[1]: Leaving directory '/home/aljanabim/ros/svea_starter/build/CMakeFiles/CMakeTmp'
Makefile:126: recipe for target 'cmTC_408c5/fast' failed
make: *** [cmTC_408c5/fast] Error 2


Performing C++ SOURCE FILE Test FMT_HAS_VARIANT failed with the following output:
Change Dir: /home/aljanabim/ros/svea_starter/build/CMakeFiles/CMakeTmp

Run Build Command:"/usr/bin/make" "cmTC_7f6a0/fast"
/usr/bin/make -f CMakeFiles/cmTC_7f6a0.dir/build.make CMakeFiles/cmTC_7f6a0.dir/build
make[1]: Entering directory '/home/aljanabim/ros/svea_starter/build/CMakeFiles/CMakeTmp'
Building CXX object CMakeFiles/cmTC_7f6a0.dir/src.cxx.o
/usr/bin/c++     -DFMT_HAS_VARIANT -std=c++1z   -o CMakeFiles/cmTC_7f6a0.dir/src.cxx.o -c /home/aljanabim/ros/svea_starter/build/CMakeFiles/CMakeTmp/src.cxx
/home/aljanabim/ros/svea_starter/build/CMakeFiles/CMakeTmp/src.cxx:2:21: fatal error: variant: No such file or directory
compilation terminated.
CMakeFiles/cmTC_7f6a0.dir/build.make:65: recipe for target 'CMakeFiles/cmTC_7f6a0.dir/src.cxx.o' failed
make[1]: *** [CMakeFiles/cmTC_7f6a0.dir/src.cxx.o] Error 1
make[1]: Leaving directory '/home/aljanabim/ros/svea_starter/build/CMakeFiles/CMakeTmp'
Makefile:126: recipe for target 'cmTC_7f6a0/fast' failed
make: *** [cmTC_7f6a0/fast] Error 2

Source file was:

  #include <variant>
  int main() {}
Determining if the strtod_l exist failed with the following output:
Change Dir: /home/aljanabim/ros/svea_starter/build/CMakeFiles/CMakeTmp

Run Build Command:"/usr/bin/make" "cmTC_fb369/fast"
/usr/bin/make -f CMakeFiles/cmTC_fb369.dir/build.make CMakeFiles/cmTC_fb369.dir/build
make[1]: Entering directory '/home/aljanabim/ros/svea_starter/build/CMakeFiles/CMakeTmp'
Building C object CMakeFiles/cmTC_fb369.dir/CheckSymbolExists.c.o
/usr/bin/cc     -o CMakeFiles/cmTC_fb369.dir/CheckSymbolExists.c.o   -c /home/aljanabim/ros/svea_starter/build/CMakeFiles/CMakeTmp/CheckSymbolExists.c
/home/aljanabim/ros/svea_starter/build/CMakeFiles/CMakeTmp/CheckSymbolExists.c: In function ‘main’:
/home/aljanabim/ros/svea_starter/build/CMakeFiles/CMakeTmp/CheckSymbolExists.c:8:19: error: ‘strtod_l’ undeclared (first use in this function)
   return ((int*)(&strtod_l))[argc];
                   ^
/home/aljanabim/ros/svea_starter/build/CMakeFiles/CMakeTmp/CheckSymbolExists.c:8:19: note: each undeclared identifier is reported only once for each function it appears in
CMakeFiles/cmTC_fb369.dir/build.make:65: recipe for target 'CMakeFiles/cmTC_fb369.dir/CheckSymbolExists.c.o' failed
make[1]: *** [CMakeFiles/cmTC_fb369.dir/CheckSymbolExists.c.o] Error 1
make[1]: Leaving directory '/home/aljanabim/ros/svea_starter/build/CMakeFiles/CMakeTmp'
Makefile:126: recipe for target 'cmTC_fb369/fast' failed
make: *** [cmTC_fb369/fast] Error 2

File /home/aljanabim/ros/svea_starter/build/CMakeFiles/CMakeTmp/CheckSymbolExists.c:
/* */
#include <stdlib.h>

int main(int argc, char** argv)
{
  (void)argv;
#ifndef strtod_l
  return ((int*)(&strtod_l))[argc];
#else
  (void)argc;
  return 0;
#endif
}

